# JRE version: Java(TM) SE Runtime Environment (16.0.2+7) (build 16.0.2+7-67)
# Java VM: Java HotSpot(TM) 64-Bit Server VM (16.0.2+7-67, mixed mode, sharing, tiered, compressed oops, compressed class ptrs, g1 gc, windows-amd64)
GC Precious Log:
 CPUs: 12 total, 12 available
 Memory: 6005M
 Large Page Support: Disabled
 NUMA Support: Disabled
 Compressed Oops: Enabled (32-bit)
 Heap Region Size: 1M
 Heap Min Capacity: 8M
 Heap Initial Capacity: 94M
 Heap Max Capacity: 2G
 Pre-touch: Disabled
 Parallel Workers: 10
 Concurrent Workers: 3
 Concurrent Refinement Workers: 10
 Periodic GC: Disabled
Heap:
 garbage-first heap   total 373760K, used 245951K [0x0000000080000000, 0x0000000100000000)
  region size 1024K, 16 young (16384K), 7 survivors (7168K)
 Metaspace       used 135469K, committed 136576K, reserved 1171456K
  class space    used 17253K, committed 17792K, reserved 1048576K
GC Heap History (20 events):
Event: 75.046 GC heap before
{Heap before GC invocations=77 (full 0):
 garbage-first heap   total 358400K, used 289878K [0x0000000080000000, 0x0000000100000000)
  region size 1024K, 89 young (91136K), 8 survivors (8192K)
 Metaspace       used 117341K, committed 118272K, reserved 1155072K
  class space    used 15322K, committed 15744K, reserved 1048576K
}
Event: 75.054 GC heap after
{Heap after GC invocations=78 (full 0):
 garbage-first heap   total 358400K, used 210469K [0x0000000080000000, 0x0000000100000000)
  region size 1024K, 4 young (4096K), 4 survivors (4096K)
 Metaspace       used 117341K, committed 118272K, reserved 1155072K
  class space    used 15322K, committed 15744K, reserved 1048576K
}
Event: 75.564 GC heap before
{Heap before GC invocations=78 (full 0):
 garbage-first heap   total 358400K, used 295461K [0x0000000080000000, 0x0000000100000000)
  region size 1024K, 87 young (89088K), 4 survivors (4096K)
 Metaspace       used 117345K, committed 118272K, reserved 1155072K
  class space    used 15322K, committed 15744K, reserved 1048576K
}
Event: 75.568 GC heap after
{Heap after GC invocations=79 (full 0):
 garbage-first heap   total 358400K, used 210558K [0x0000000080000000, 0x0000000100000000)
  region size 1024K, 4 young (4096K), 4 survivors (4096K)
 Metaspace       used 117345K, committed 118272K, reserved 1155072K
  class space    used 15322K, committed 15744K, reserved 1048576K
}
Event: 76.371 GC heap before
{Heap before GC invocations=80 (full 0):
 garbage-first heap   total 370688K, used 298622K [0x0000000080000000, 0x0000000100000000)
  region size 1024K, 90 young (92160K), 4 survivors (4096K)
 Metaspace       used 120061K, committed 120960K, reserved 1155072K
  class space    used 15717K, committed 16128K, reserved 1048576K
}
Event: 76.374 GC heap after
{Heap after GC invocations=81 (full 0):
 garbage-first heap   total 370688K, used 205757K [0x0000000080000000, 0x0000000100000000)
  region size 1024K, 2 young (2048K), 2 survivors (2048K)
 Metaspace       used 120061K, committed 120960K, reserved 1155072K
  class space    used 15717K, committed 16128K, reserved 1048576K
}
Event: 78.261 GC heap before
{Heap before GC invocations=81 (full 0):
 garbage-first heap   total 370688K, used 304061K [0x0000000080000000, 0x0000000100000000)
  region size 1024K, 99 young (101376K), 2 survivors (2048K)
 Metaspace       used 124830K, committed 125824K, reserved 1163264K
  class space    used 16238K, committed 16704K, reserved 1048576K
}
Event: 78.271 GC heap after
{Heap after GC invocations=82 (full 0):
 garbage-first heap   total 370688K, used 212590K [0x0000000080000000, 0x0000000100000000)
  region size 1024K, 8 young (8192K), 8 survivors (8192K)
 Metaspace       used 124830K, committed 125824K, reserved 1163264K
  class space    used 16238K, committed 16704K, reserved 1048576K
}
Event: 80.766 GC heap before
{Heap before GC invocations=83 (full 0):
 garbage-first heap   total 370688K, used 306798K [0x0000000080000000, 0x0000000100000000)
  region size 1024K, 101 young (103424K), 8 survivors (8192K)
 Metaspace       used 125184K, committed 126144K, reserved 1163264K
  class space    used 16241K, committed 16704K, reserved 1048576K
}
Event: 80.791 GC heap after
{Heap after GC invocations=84 (full 0):
 garbage-first heap   total 370688K, used 214778K [0x0000000080000000, 0x0000000100000000)
  region size 1024K, 3 young (3072K), 3 survivors (3072K)
 Metaspace       used 125184K, committed 126144K, reserved 1163264K
  class space    used 16241K, committed 16704K, reserved 1048576K
}
Event: 84.465 GC heap before
{Heap before GC invocations=84 (full 0):
 garbage-first heap   total 370688K, used 310010K [0x0000000080000000, 0x0000000100000000)
  region size 1024K, 97 young (99328K), 3 survivors (3072K)
 Metaspace       used 125746K, committed 126784K, reserved 1163264K
  class space    used 16279K, committed 16768K, reserved 1048576K
}
Event: 84.470 GC heap after
{Heap after GC invocations=85 (full 0):
 garbage-first heap   total 370688K, used 217150K [0x0000000080000000, 0x0000000100000000)
  region size 1024K, 5 young (5120K), 5 survivors (5120K)
 Metaspace       used 125746K, committed 126784K, reserved 1163264K
  class space    used 16279K, committed 16768K, reserved 1048576K
}
Event: 94.072 GC heap before
{Heap before GC invocations=86 (full 0):
 garbage-first heap   total 370688K, used 312382K [0x0000000080000000, 0x0000000100000000)
  region size 1024K, 99 young (101376K), 5 survivors (5120K)
 Metaspace       used 126858K, committed 127936K, reserved 1163264K
  class space    used 16380K, committed 16896K, reserved 1048576K
}
Event: 94.080 GC heap after
{Heap after GC invocations=87 (full 0):
 garbage-first heap   total 370688K, used 221009K [0x0000000080000000, 0x0000000100000000)
  region size 1024K, 9 young (9216K), 9 survivors (9216K)
 Metaspace       used 126858K, committed 127936K, reserved 1163264K
  class space    used 16380K, committed 16896K, reserved 1048576K
}
Event: 1281.564 GC heap before
{Heap before GC invocations=87 (full 0):
 garbage-first heap   total 370688K, used 314193K [0x0000000080000000, 0x0000000100000000)
  region size 1024K, 101 young (103424K), 9 survivors (9216K)
 Metaspace       used 130884K, committed 131968K, reserved 1171456K
  class space    used 16697K, committed 17216K, reserved 1048576K
}
Event: 1281.885 GC heap after
{Heap after GC invocations=88 (full 0):
 garbage-first heap   total 370688K, used 221826K [0x0000000080000000, 0x0000000100000000)
  region size 1024K, 6 young (6144K), 6 survivors (6144K)
 Metaspace       used 130884K, committed 131968K, reserved 1171456K
  class space    used 16697K, committed 17216K, reserved 1048576K
}
Event: 1616.911 GC heap before
{Heap before GC invocations=89 (full 0):
 garbage-first heap   total 373760K, used 316034K [0x0000000080000000, 0x0000000100000000)
  region size 1024K, 99 young (101376K), 6 survivors (6144K)
 Metaspace       used 132759K, committed 133824K, reserved 1171456K
  class space    used 16898K, committed 17408K, reserved 1048576K
}
Event: 1617.101 GC heap after
{Heap after GC invocations=90 (full 0):
 garbage-first heap   total 373760K, used 232153K [0x0000000080000000, 0x0000000100000000)
  region size 1024K, 13 young (13312K), 13 survivors (13312K)
 Metaspace       used 132759K, committed 133824K, reserved 1171456K
  class space    used 16898K, committed 17408K, reserved 1048576K
}
Event: 1620.490 GC heap before
{Heap before GC invocations=90 (full 0):
 garbage-first heap   total 373760K, used 316121K [0x0000000080000000, 0x0000000100000000)
  region size 1024K, 96 young (98304K), 13 survivors (13312K)
 Metaspace       used 134290K, committed 135424K, reserved 1171456K
  class space    used 17120K, committed 17664K, reserved 1048576K
}
Event: 1620.664 GC heap after
{Heap after GC invocations=91 (full 0):
 garbage-first heap   total 373760K, used 238783K [0x0000000080000000, 0x0000000100000000)
  region size 1024K, 7 young (7168K), 7 survivors (7168K)
 Metaspace       used 134290K, committed 135424K, reserved 1171456K
  class space    used 17120K, committed 17664K, reserved 1048576K
}

